[2025-11-04 09:09:45] Login Station Mobile is 9444521602 Password Is : YWRtaW4=
[2025-11-04 09:09:58] Login Station Mobile is 8898777676 Password Is : YWRtaW4=
[2025-11-04 09:14:07] Login Station Mobile is Vine@tucker Password Is : YWNjb3VudHMyMDI1
[2025-11-04 09:19:12] Login Station Mobile is 8898777676 Password Is : YWRtaW4=
[2025-11-04 09:41:42] Login Station Mobile is Vine@tucker Password Is : YWNjb3VudHMyMDI1
[2025-11-04 10:14:31] Login Station Mobile is vine@tucker Password Is : YWNjb3VudDIwMjQ=
[2025-11-04 10:14:40] Login Station Mobile is vine@tucker Password Is : YWNjb3VudHMyMDI0
[2025-11-04 10:15:02] Login Station Mobile is vine@tucker Password Is : YWNjb3VudHMyMDI1
[2025-11-04 10:29:30] Login Station Mobile is niranjana Password Is : YWRtaW4=
[2025-11-04 11:52:25] Login Station Mobile is niranjana Password Is : YWRtaW4=
[2025-11-04 12:04:20] Login Station Mobile is Vine@tucker Password Is : YWNjb3VudHMyMDI1
[2025-11-04 12:17:58] Login Station Mobile is Vine@tucker Password Is : YWNjb3VudHMyMDI1
[2025-11-04 12:43:42] Login Station Mobile is Vine@tucker Password Is : YWNjb3VudHMyMDI1
[2025-11-04 13:45:52] Login Station Mobile is Vine@tucker Password Is : YWNjb3VudHMyMDI1
[2025-11-04 14:16:55] Login Station Mobile is niranjana Password Is : YWRtaW4=
[2025-11-04 14:54:30] Login Station Mobile is Vine@tucker Password Is : YWNjb3VudHMyMDI1
[2025-11-04 15:11:31] Login Station Mobile is Vine@tucker Password Is : YWNjb3VudHMyMDI1
[2025-11-04 16:43:04] Login Station Mobile is 8898777676 Password Is : YWRtaW4=
[2025-11-04 16:45:22] Login Station Mobile is Vine@tucker Password Is : YWNjb3VudHMyMDI1
[2025-11-04 16:55:48] Login Station Mobile is Vine@tucker Password Is : YWNjb3VudHMyMDI1
[2025-11-04 17:29:39] Login Station Mobile is niranjana Password Is : YWRtaW4=
[2025-11-04 17:30:49] Login Station Mobile is Vine@tucker Password Is : YWNjb3VudHMyMDI1
